#
# There is insufficient memory for the Java Runtime Environment to continue.
# Native memory allocation (malloc) failed to allocate 1530048 bytes for Chunk::new
# Possible reasons:
#   The system is out of physical RAM or swap space
#   The process is running with CompressedOops enabled, and the Java Heap may be blocking the growth of the native heap
# Possible solutions:
#   Reduce memory load on the system
#   Increase physical memory or swap space
#   Check if swap backing store is full
#   Decrease Java heap size (-Xmx/-Xms)
#   Decrease number of Java threads
#   Decrease Java thread stack sizes (-Xss)
#   Set larger code cache with -XX:ReservedCodeCacheSize=
#   JVM is running with Unscaled Compressed Oops mode in which the Java heap is
#     placed in the first 4GB address space. The Java Heap base address is the
#     maximum limit for the native heap growth. Please use -XX:HeapBaseMinAddress
#     to set the Java Heap base and to place the Java Heap above 4GB virtual address.
# This output file may be truncated or incomplete.
#
#  Out of Memory Error (allocation.cpp:389), pid=14784, tid=0x0000000000003f78
#
# JRE version: Java(TM) SE Runtime Environment (8.0_241-b07) (build 1.8.0_241-b07)
# Java VM: Java HotSpot(TM) 64-Bit Server VM (25.241-b07 mixed mode windows-amd64 compressed oops)
# Failed to write core dump. Minidumps are not enabled by default on client versions of Windows
#

---------------  T H R E A D  ---------------

Current thread (0x00000000197fb000):  JavaThread "C2 CompilerThread1" daemon [_thread_in_native, id=16248, stack(0x000000001a1d0000,0x000000001a2d0000)]

Stack: [0x000000001a1d0000,0x000000001a2d0000]
[error occurred during error reporting (printing stack bounds), id 0xc0000005]

Native frames: (J=compiled Java code, j=interpreted, Vv=VM code, C=native code)


Current CompileTask:
C2:   6331 3787       4       java.net.URLClassLoader$1::run (5 bytes)


---------------  P R O C E S S  ---------------

Java Threads: ( => current thread )
  0x00000000200c1800 JavaThread "HikariPool-1 connection adder" daemon [_thread_blocked, id=1932, stack(0x000000001d240000,0x000000001d340000)]
  0x000000001f478800 JavaThread "HikariPool-1 housekeeper" daemon [_thread_blocked, id=11420, stack(0x000000001c600000,0x000000001c700000)]
  0x00000000199e2000 JavaThread "surefire-forkedjvm-ping-30s" daemon [_thread_blocked, id=15664, stack(0x000000001a7d0000,0x000000001a8d0000)]
  0x0000000019967800 JavaThread "surefire-forkedjvm-command-thread" daemon [_thread_in_native, id=640, stack(0x000000001a6d0000,0x000000001a7d0000)]
  0x0000000019883800 JavaThread "Service Thread" daemon [_thread_blocked, id=9684, stack(0x000000001a4d0000,0x000000001a5d0000)]
  0x0000000019802000 JavaThread "C1 CompilerThread3" daemon [_thread_blocked, id=15072, stack(0x000000001a3d0000,0x000000001a4d0000)]
  0x00000000197fc000 JavaThread "C2 CompilerThread2" daemon [_thread_in_native, id=12692, stack(0x000000001a2d0000,0x000000001a3d0000)]
=>0x00000000197fb000 JavaThread "C2 CompilerThread1" daemon [_thread_in_native, id=16248, stack(0x000000001a1d0000,0x000000001a2d0000)]
  0x00000000197f5000 JavaThread "C2 CompilerThread0" daemon [_thread_in_native, id=7604, stack(0x000000001a0d0000,0x000000001a1d0000)]
  0x00000000197f3800 JavaThread "Attach Listener" daemon [_thread_blocked, id=13196, stack(0x0000000019fd0000,0x000000001a0d0000)]
  0x00000000197f1800 JavaThread "Signal Dispatcher" daemon [_thread_blocked, id=6788, stack(0x0000000019ed0000,0x0000000019fd0000)]
  0x00000000197e1000 JavaThread "Finalizer" daemon [_thread_blocked, id=6744, stack(0x0000000019cc0000,0x0000000019dc0000)]
  0x00000000179dd800 JavaThread "Reference Handler" daemon [_thread_blocked, id=15272, stack(0x0000000019bc0000,0x0000000019cc0000)]
  0x00000000029a2800 JavaThread "main" [_thread_in_native, id=536, stack(0x00000000028a0000,0x00000000029a0000)]

Other Threads:
  0x00000000179d9800 VMThread [stack: 0x00000000196c0000,0x00000000197c0000] [id=7308]
  0x00000000198a5800 WatcherThread [stack: 0x000000001a5d0000,0x000000001a6d0000] [id=1892]

VM state:not at safepoint (normal execution)

VM Mutex/Monitor currently owned by a thread: None

heap address: 0x0000000082000000, size: 2016 MB, Compressed Oops mode: 32-bit
Narrow klass base: 0x0000000000000000, Narrow klass shift: 3
Compressed class space size: 1073741824 Address: 0x0000000100000000

Heap:
 PSYoungGen      total 179200K, used 123296K [0x00000000d6000000, 0x00000000e3c80000, 0x0000000100000000)
  eden space 168448K, 73% used [0x00000000d6000000,0x00000000dd868250,0x00000000e0480000)
  from space 10752K, 0% used [0x00000000e1080000,0x00000000e1080000,0x00000000e1b00000)
  to   space 12288K, 0% used [0x00000000e0480000,0x00000000e0480000,0x00000000e1080000)
 ParOldGen       total 88576K, used 15969K [0x0000000082000000, 0x0000000087680000, 0x00000000d6000000)
  object space 88576K, 18% used [0x0000000082000000,0x0000000082f98620,0x0000000087680000)
 Metaspace       used 46853K, capacity 48308K, committed 48600K, reserved 1091584K
  class space    used 6310K, capacity 6616K, committed 6656K, reserved 1048576K

Card table byte_map: [0x0000000011e60000,0x0000000012260000] byte_map_base: 0x0000000011a50000

Marking Bits: (ParMarkBitMap*) 0x00000000521ebe30
 Begin Bits: [0x0000000012d00000, 0x0000000014c80000)
 End Bits:   [0x0000000014c80000, 0x0000000016c00000)

Polling page: 0x0000000001040000

CodeCache: size=245760Kb used=14070Kb max_used=14070Kb free=231689Kb
 bounds [0x0000000002aa0000, 0x0000000003870000, 0x0000000011aa0000]
 total_blobs=4255 nmethods=3738 adapters=427
 compilation: enabled

Compilation events (10 events):
Event: 6.036 Thread 0x0000000019802000 nmethod 3862 0x0000000002c65bd0 code [0x0000000002c65d20, 0x0000000002c65e10]
Event: 6.036 Thread 0x0000000019802000 3863       3       org.hibernate.boot.model.naming.Identifier::<init> (49 bytes)
Event: 6.037 Thread 0x0000000019802000 nmethod 3863 0x0000000002ee09d0 code [0x0000000002ee0b80, 0x0000000002ee1188]
Event: 6.040 Thread 0x00000000197fc000 nmethod 3841 0x0000000002edff50 code [0x0000000002ee00e0, 0x0000000002ee04e8]
Event: 6.040 Thread 0x00000000197fc000 3793       4       sun.reflect.annotation.AnnotationType::invocationHandlerReturnType (82 bytes)
Event: 6.041 Thread 0x00000000197fc000 nmethod 3793 0x0000000002c65810 code [0x0000000002c65960, 0x0000000002c65ab8]
Event: 6.045 Thread 0x0000000019802000 3864       1       sun.util.locale.BaseLocale::getVariant (5 bytes)
Event: 6.045 Thread 0x0000000019802000 nmethod 3864 0x0000000002c65510 code [0x0000000002c65660, 0x0000000002c65770]
Event: 6.082 Thread 0x0000000019802000 3865       1       org.hibernate.mapping.Property::getValue (5 bytes)
Event: 6.082 Thread 0x0000000019802000 nmethod 3865 0x0000000002bb6950 code [0x0000000002bb6aa0, 0x0000000002bb6bb0]

GC Heap History (10 events):
Event: 1.901 GC heap before
{Heap before GC invocations=6 (full 1):
 PSYoungGen      total 70656K, used 5109K [0x00000000d6000000, 0x00000000def00000, 0x0000000100000000)
  eden space 65536K, 0% used [0x00000000d6000000,0x00000000d6000000,0x00000000da000000)
  from space 5120K, 99% used [0x00000000da000000,0x00000000da4fd758,0x00000000da500000)
  to   space 7680K, 0% used [0x00000000de780000,0x00000000de780000,0x00000000def00000)
 ParOldGen       total 86016K, used 4861K [0x0000000082000000, 0x0000000087400000, 0x00000000d6000000)
  object space 86016K, 5% used [0x0000000082000000,0x00000000824bf628,0x0000000087400000)
 Metaspace       used 20594K, capacity 21186K, committed 21248K, reserved 1067008K
  class space    used 2643K, capacity 2775K, committed 2816K, reserved 1048576K
Event: 1.932 GC heap after
Heap after GC invocations=6 (full 1):
 PSYoungGen      total 70656K, used 0K [0x00000000d6000000, 0x00000000def00000, 0x0000000100000000)
  eden space 65536K, 0% used [0x00000000d6000000,0x00000000d6000000,0x00000000da000000)
  from space 5120K, 0% used [0x00000000da000000,0x00000000da000000,0x00000000da500000)
  to   space 7680K, 0% used [0x00000000de780000,0x00000000de780000,0x00000000def00000)
 ParOldGen       total 53248K, used 6021K [0x0000000082000000, 0x0000000085400000, 0x00000000d6000000)
  object space 53248K, 11% used [0x0000000082000000,0x00000000825e15c8,0x0000000085400000)
 Metaspace       used 20594K, capacity 21186K, committed 21248K, reserved 1067008K
  class space    used 2643K, capacity 2775K, committed 2816K, reserved 1048576K
}
Event: 2.168 GC heap before
{Heap before GC invocations=7 (full 1):
 PSYoungGen      total 70656K, used 65536K [0x00000000d6000000, 0x00000000def00000, 0x0000000100000000)
  eden space 65536K, 100% used [0x00000000d6000000,0x00000000da000000,0x00000000da000000)
  from space 5120K, 0% used [0x00000000da000000,0x00000000da000000,0x00000000da500000)
  to   space 7680K, 0% used [0x00000000de780000,0x00000000de780000,0x00000000def00000)
 ParOldGen       total 53248K, used 6021K [0x0000000082000000, 0x0000000085400000, 0x00000000d6000000)
  object space 53248K, 11% used [0x0000000082000000,0x00000000825e15c8,0x0000000085400000)
 Metaspace       used 23377K, capacity 24040K, committed 24320K, reserved 1071104K
  class space    used 3029K, capacity 3208K, committed 3328K, reserved 1048576K
Event: 2.173 GC heap after
Heap after GC invocations=7 (full 1):
 PSYoungGen      total 112128K, used 4730K [0x00000000d6000000, 0x00000000dec80000, 0x0000000100000000)
  eden space 107008K, 0% used [0x00000000d6000000,0x00000000d6000000,0x00000000dc880000)
  from space 5120K, 92% used [0x00000000de780000,0x00000000dec1e970,0x00000000dec80000)
  to   space 7680K, 0% used [0x00000000ddd80000,0x00000000ddd80000,0x00000000de500000)
 ParOldGen       total 53248K, used 6021K [0x0000000082000000, 0x0000000085400000, 0x00000000d6000000)
  object space 53248K, 11% used [0x0000000082000000,0x00000000825e15c8,0x0000000085400000)
 Metaspace       used 23377K, capacity 24040K, committed 24320K, reserved 1071104K
  class space    used 3029K, capacity 3208K, committed 3328K, reserved 1048576K
}
Event: 3.509 GC heap before
{Heap before GC invocations=8 (full 1):
 PSYoungGen      total 112128K, used 111738K [0x00000000d6000000, 0x00000000dec80000, 0x0000000100000000)
  eden space 107008K, 100% used [0x00000000d6000000,0x00000000dc880000,0x00000000dc880000)
  from space 5120K, 92% used [0x00000000de780000,0x00000000dec1e970,0x00000000dec80000)
  to   space 7680K, 0% used [0x00000000ddd80000,0x00000000ddd80000,0x00000000de500000)
 ParOldGen       total 53248K, used 6021K [0x0000000082000000, 0x0000000085400000, 0x00000000d6000000)
  object space 53248K, 11% used [0x0000000082000000,0x00000000825e15c8,0x0000000085400000)
 Metaspace       used 30678K, capacity 31866K, committed 32000K, reserved 1077248K
  class space    used 3998K, capacity 4255K, committed 4352K, reserved 1048576K
Event: 3.520 GC heap after
Heap after GC invocations=8 (full 1):
 PSYoungGen      total 136192K, used 7652K [0x00000000d6000000, 0x00000000e1b00000, 0x0000000100000000)
  eden space 128512K, 0% used [0x00000000d6000000,0x00000000d6000000,0x00000000ddd80000)
  from space 7680K, 99% used [0x00000000ddd80000,0x00000000de4f9280,0x00000000de500000)
  to   space 10752K, 0% used [0x00000000e1080000,0x00000000e1080000,0x00000000e1b00000)
 ParOldGen       total 53248K, used 10729K [0x0000000082000000, 0x0000000085400000, 0x00000000d6000000)
  object space 53248K, 20% used [0x0000000082000000,0x0000000082a7a750,0x0000000085400000)
 Metaspace       used 30678K, capacity 31866K, committed 32000K, reserved 1077248K
  class space    used 3998K, capacity 4255K, committed 4352K, reserved 1048576K
}
Event: 4.326 GC heap before
{Heap before GC invocations=9 (full 1):
 PSYoungGen      total 136192K, used 72250K [0x00000000d6000000, 0x00000000e1b00000, 0x0000000100000000)
  eden space 128512K, 50% used [0x00000000d6000000,0x00000000d9f15860,0x00000000ddd80000)
  from space 7680K, 99% used [0x00000000ddd80000,0x00000000de4f9280,0x00000000de500000)
  to   space 10752K, 0% used [0x00000000e1080000,0x00000000e1080000,0x00000000e1b00000)
 ParOldGen       total 53248K, used 10729K [0x0000000082000000, 0x0000000085400000, 0x00000000d6000000)
  object space 53248K, 20% used [0x0000000082000000,0x0000000082a7a750,0x0000000085400000)
 Metaspace       used 34006K, capacity 35308K, committed 35416K, reserved 1079296K
  class space    used 4405K, capacity 4670K, committed 4736K, reserved 1048576K
Event: 4.339 GC heap after
Heap after GC invocations=9 (full 1):
 PSYoungGen      total 179200K, used 10740K [0x00000000d6000000, 0x00000000e3c80000, 0x0000000100000000)
  eden space 168448K, 0% used [0x00000000d6000000,0x00000000d6000000,0x00000000e0480000)
  from space 10752K, 99% used [0x00000000e1080000,0x00000000e1afd190,0x00000000e1b00000)
  to   space 12288K, 0% used [0x00000000e0480000,0x00000000e0480000,0x00000000e1080000)
 ParOldGen       total 53248K, used 11441K [0x0000000082000000, 0x0000000085400000, 0x00000000d6000000)
  object space 53248K, 21% used [0x0000000082000000,0x0000000082b2c770,0x0000000085400000)
 Metaspace       used 34006K, capacity 35308K, committed 35416K, reserved 1079296K
  class space    used 4405K, capacity 4670K, committed 4736K, reserved 1048576K
}
Event: 4.339 GC heap before
{Heap before GC invocations=10 (full 2):
 PSYoungGen      total 179200K, used 10740K [0x00000000d6000000, 0x00000000e3c80000, 0x0000000100000000)
  eden space 168448K, 0% used [0x00000000d6000000,0x00000000d6000000,0x00000000e0480000)
  from space 10752K, 99% used [0x00000000e1080000,0x00000000e1afd190,0x00000000e1b00000)
  to   space 12288K, 0% used [0x00000000e0480000,0x00000000e0480000,0x00000000e1080000)
 ParOldGen       total 53248K, used 11441K [0x0000000082000000, 0x0000000085400000, 0x00000000d6000000)
  object space 53248K, 21% used [0x0000000082000000,0x0000000082b2c770,0x0000000085400000)
 Metaspace       used 34006K, capacity 35308K, committed 35416K, reserved 1079296K
  class space    used 4405K, capacity 4670K, committed 4736K, reserved 1048576K
Event: 4.416 GC heap after
Heap after GC invocations=10 (full 2):
 PSYoungGen      total 179200K, used 0K [0x00000000d6000000, 0x00000000e3c80000, 0x0000000100000000)
  eden space 168448K, 0% used [0x00000000d6000000,0x00000000d6000000,0x00000000e0480000)
  from space 10752K, 0% used [0x00000000e1080000,0x00000000e1080000,0x00000000e1b00000)
  to   space 12288K, 0% used [0x00000000e0480000,0x00000000e0480000,0x00000000e1080000)
 ParOldGen       total 88576K, used 15969K [0x0000000082000000, 0x0000000087680000, 0x00000000d6000000)
  object space 88576K, 18% used [0x0000000082000000,0x0000000082f98620,0x0000000087680000)
 Metaspace       used 34006K, capacity 35308K, committed 35416K, reserved 1079296K
  class space    used 4405K, capacity 4670K, committed 4736K, reserved 1048576K
}

Deoptimization events (10 events):
Event: 4.672 Thread 0x00000000029a2800 Uncommon trap: reason=unstable_if action=reinterpret pc=0x0000000003000dc4 method=java.io.WinNTFileSystem.resolve(Ljava/lang/String;Ljava/lang/String;)Ljava/lang/String; @ 19
Event: 4.906 Thread 0x00000000029a2800 Uncommon trap: reason=class_check action=maybe_recompile pc=0x0000000003432694 method=java.util.AbstractList$Itr.hasNext()Z @ 8
Event: 4.906 Thread 0x00000000029a2800 Uncommon trap: reason=class_check action=maybe_recompile pc=0x00000000034a7844 method=java.util.AbstractList$Itr.next()Ljava/lang/Object; @ 14
Event: 4.908 Thread 0x00000000029a2800 Uncommon trap: reason=class_check action=maybe_recompile pc=0x0000000003432694 method=java.util.AbstractList$Itr.hasNext()Z @ 8
Event: 4.908 Thread 0x00000000029a2800 Uncommon trap: reason=class_check action=maybe_recompile pc=0x00000000034a7844 method=java.util.AbstractList$Itr.next()Ljava/lang/Object; @ 14
Event: 4.908 Thread 0x00000000029a2800 Uncommon trap: reason=class_check action=maybe_recompile pc=0x0000000003432694 method=java.util.AbstractList$Itr.hasNext()Z @ 8
Event: 4.908 Thread 0x00000000029a2800 Uncommon trap: reason=class_check action=maybe_recompile pc=0x00000000034a7844 method=java.util.AbstractList$Itr.next()Ljava/lang/Object; @ 14
Event: 4.908 Thread 0x00000000029a2800 Uncommon trap: reason=class_check action=maybe_recompile pc=0x0000000003432694 method=java.util.AbstractList$Itr.hasNext()Z @ 8
Event: 4.908 Thread 0x00000000029a2800 Uncommon trap: reason=class_check action=maybe_recompile pc=0x00000000034a7844 method=java.util.AbstractList$Itr.next()Ljava/lang/Object; @ 14
Event: 5.003 Thread 0x00000000029a2800 Uncommon trap: reason=unstable_if action=reinterpret pc=0x0000000002fc4c38 method=java.lang.ClassLoader.getClassLoadingLock(Ljava/lang/String;)Ljava/lang/Object; @ 6

Classes redefined (0 events):
No events

Internal exceptions (10 events):
Event: 4.649 Thread 0x00000000029a2800 Exception <a 'java/lang/ClassNotFoundException': org/springframework/beans/factory/BeanClassLoaderAwareCustomizer> (0x00000000d738e3c0) thrown at [C:\ade\jenkins\workspace\8-2-build-windows-amd64-cygwin\jdk8u241\331\hotspot\src\share\vm\classfile\systemDi
Event: 4.649 Thread 0x00000000029a2800 Exception <a 'java/lang/ClassNotFoundException': org/springframework/beans/factory/AwareCustomizer> (0x00000000d73a5f30) thrown at [C:\ade\jenkins\workspace\8-2-build-windows-amd64-cygwin\jdk8u241\331\hotspot\src\share\vm\classfile\systemDictionary.cpp, l
Event: 4.650 Thread 0x00000000029a2800 Exception <a 'java/lang/ClassNotFoundException': org/springframework/beans/factory/BeanFactoryAwareCustomizer> (0x00000000d73bfcb0) thrown at [C:\ade\jenkins\workspace\8-2-build-windows-amd64-cygwin\jdk8u241\331\hotspot\src\share\vm\classfile\systemDictio
Event: 4.650 Thread 0x00000000029a2800 Exception <a 'java/lang/ClassNotFoundException': org/springframework/beans/factory/AwareCustomizer> (0x00000000d73d7d80) thrown at [C:\ade\jenkins\workspace\8-2-build-windows-amd64-cygwin\jdk8u241\331\hotspot\src\share\vm\classfile\systemDictionary.cpp, l
Event: 4.651 Thread 0x00000000029a2800 Exception <a 'java/lang/ClassNotFoundException': org/springframework/beans/factory/BeanNameAwareCustomizer> (0x00000000d73f09c0) thrown at [C:\ade\jenkins\workspace\8-2-build-windows-amd64-cygwin\jdk8u241\331\hotspot\src\share\vm\classfile\systemDictionar
Event: 4.651 Thread 0x00000000029a2800 Exception <a 'java/lang/ClassNotFoundException': org/springframework/beans/factory/AwareCustomizer> (0x00000000d7408460) thrown at [C:\ade\jenkins\workspace\8-2-build-windows-amd64-cygwin\jdk8u241\331\hotspot\src\share\vm\classfile\systemDictionary.cpp, l
Event: 4.652 Thread 0x00000000029a2800 Exception <a 'java/lang/ClassNotFoundException': org/springframework/beans/factory/InitializingBeanCustomizer> (0x00000000d74221d8) thrown at [C:\ade\jenkins\workspace\8-2-build-windows-amd64-cygwin\jdk8u241\331\hotspot\src\share\vm\classfile\systemDictio
Event: 4.652 Thread 0x00000000029a2800 Exception <a 'java/lang/ClassNotFoundException': org/springframework/beans/factory/DisposableBeanCustomizer> (0x00000000d743b6e8) thrown at [C:\ade\jenkins\workspace\8-2-build-windows-amd64-cygwin\jdk8u241\331\hotspot\src\share\vm\classfile\systemDictiona
Event: 4.653 Thread 0x00000000029a2800 Exception <a 'java/lang/ClassNotFoundException': org/springframework/orm/jpa/EntityManagerFactoryInfoCustomizer> (0x00000000d74567d8) thrown at [C:\ade\jenkins\workspace\8-2-build-windows-amd64-cygwin\jdk8u241\331\hotspot\src\share\vm\classfile\systemDict
Event: 4.653 Thread 0x00000000029a2800 Exception <a 'java/lang/ClassNotFoundException': org/springframework/dao/support/PersistenceExceptionTranslatorCustomizer> (0x00000000d7480b68) thrown at [C:\ade\jenkins\workspace\8-2-build-windows-amd64-cygwin\jdk8u241\331\hotspot\src\share\vm\classfile\

Events (10 events):
Event: 6.113 loading class org/hibernate/event/internal/AbstractFlushingEventListener
Event: 6.113 loading class org/hibernate/event/internal/AbstractFlushingEventListener done
Event: 6.113 loading class org/hibernate/event/service/spi/JpaBootstrapSensitive
Event: 6.113 loading class org/hibernate/event/service/spi/JpaBootstrapSensitive done
Event: 6.114 loading class org/hibernate/engine/spi/SessionImplementor
Event: 6.114 loading class org/hibernate/engine/spi/SessionImplementor done
Event: 6.114 loading class org/hibernate/jpa/spi/HibernateEntityManagerImplementor
Event: 6.114 loading class org/hibernate/jpa/spi/HibernateEntityManagerImplementor done
Event: 6.115 loading class org/hibernate/jpa/spi/HibernateEntityManagerFactoryAware
Event: 6.115 loading class org/hibernate/jpa/spi/HibernateEntityManagerFactoryAware done


Dynamic libraries:
0x00007ff6dc280000 - 0x00007ff6dc2b7000 	C:\Program Files\Java\jdk1.8.0_241\jre\bin\java.exe
0x00007ff8f8840000 - 0x00007ff8f8a30000 	C:\WINDOWS\SYSTEM32\ntdll.dll
0x00007ff8f6d70000 - 0x00007ff8f6e22000 	C:\WINDOWS\System32\KERNEL32.DLL
0x00007ff8f63f0000 - 0x00007ff8f6694000 	C:\WINDOWS\System32\KERNELBASE.dll
0x00007ff8f8530000 - 0x00007ff8f85d3000 	C:\WINDOWS\System32\ADVAPI32.dll
0x00007ff8f8490000 - 0x00007ff8f852e000 	C:\WINDOWS\System32\msvcrt.dll
0x00007ff8f82b0000 - 0x00007ff8f8347000 	C:\WINDOWS\System32\sechost.dll
0x00007ff8f6bf0000 - 0x00007ff8f6d10000 	C:\WINDOWS\System32\RPCRT4.dll
0x00007ff8f8660000 - 0x00007ff8f87f4000 	C:\WINDOWS\System32\USER32.dll
0x00007ff8f5a00000 - 0x00007ff8f5a21000 	C:\WINDOWS\System32\win32u.dll
0x00007ff8f7d00000 - 0x00007ff8f7d26000 	C:\WINDOWS\System32\GDI32.dll
0x00007ff8f5860000 - 0x00007ff8f59f4000 	C:\WINDOWS\System32\gdi32full.dll
0x00007ff8f5a50000 - 0x00007ff8f5aee000 	C:\WINDOWS\System32\msvcp_win.dll
0x00007ff8f66a0000 - 0x00007ff8f679a000 	C:\WINDOWS\System32\ucrtbase.dll
0x00007ff8eb1f0000 - 0x00007ff8eb474000 	C:\WINDOWS\WinSxS\amd64_microsoft.windows.common-controls_6595b64144ccf1df_6.0.18362.836_none_e6c4b943130f18ed\COMCTL32.dll
0x00007ff8f7f70000 - 0x00007ff8f82a6000 	C:\WINDOWS\System32\combase.dll
0x00007ff8f5bf0000 - 0x00007ff8f5c70000 	C:\WINDOWS\System32\bcryptPrimitives.dll
0x00007ff8f6a90000 - 0x00007ff8f6abe000 	C:\WINDOWS\System32\IMM32.DLL
0x0000000052270000 - 0x0000000052342000 	C:\Program Files\Java\jdk1.8.0_241\jre\bin\msvcr100.dll
0x00000000519c0000 - 0x000000005226c000 	C:\Program Files\Java\jdk1.8.0_241\jre\bin\server\jvm.dll
0x00007ff8f7d30000 - 0x00007ff8f7d38000 	C:\WINDOWS\System32\PSAPI.DLL
0x00007ff8f0950000 - 0x00007ff8f095a000 	C:\WINDOWS\SYSTEM32\VERSION.dll
0x00007ff8eaf30000 - 0x00007ff8eaf54000 	C:\WINDOWS\SYSTEM32\WINMM.dll
0x00007ff8e8ed0000 - 0x00007ff8e8ed9000 	C:\WINDOWS\SYSTEM32\WSOCK32.dll
0x00007ff8f7d40000 - 0x00007ff8f7daf000 	C:\WINDOWS\System32\WS2_32.dll
0x00007ff8eaed0000 - 0x00007ff8eaefd000 	C:\WINDOWS\SYSTEM32\WINMMBASE.dll
0x00007ff8f5af0000 - 0x00007ff8f5b3a000 	C:\WINDOWS\System32\cfgmgr32.dll
0x00007ff8e8ff0000 - 0x00007ff8e8fff000 	C:\Program Files\Java\jdk1.8.0_241\jre\bin\verify.dll
0x00007ff8e1090000 - 0x00007ff8e10b9000 	C:\Program Files\Java\jdk1.8.0_241\jre\bin\java.dll
0x00007ff8e1070000 - 0x00007ff8e1086000 	C:\Program Files\Java\jdk1.8.0_241\jre\bin\zip.dll
0x00007ff8f7350000 - 0x00007ff8f7a34000 	C:\WINDOWS\System32\SHELL32.dll
0x00007ff8f6b40000 - 0x00007ff8f6be9000 	C:\WINDOWS\System32\shcore.dll
0x00007ff8f5c70000 - 0x00007ff8f63ee000 	C:\WINDOWS\System32\windows.storage.dll
0x00007ff8f57a0000 - 0x00007ff8f57c3000 	C:\WINDOWS\System32\profapi.dll
0x00007ff8f5750000 - 0x00007ff8f579a000 	C:\WINDOWS\System32\powrprof.dll
0x00007ff8f5700000 - 0x00007ff8f5710000 	C:\WINDOWS\System32\UMPDC.dll
0x00007ff8f7db0000 - 0x00007ff8f7e02000 	C:\WINDOWS\System32\shlwapi.dll
0x00007ff8f5710000 - 0x00007ff8f5721000 	C:\WINDOWS\System32\kernel.appcore.dll
0x00007ff8f5a30000 - 0x00007ff8f5a47000 	C:\WINDOWS\System32\cryptsp.dll
0x00007ff8e9020000 - 0x00007ff8e902d000 	C:\Program Files\Java\jdk1.8.0_241\jre\bin\management.dll
0x00007ff8de050000 - 0x00007ff8de06a000 	C:\Program Files\Java\jdk1.8.0_241\jre\bin\net.dll
0x00007ff8f4f70000 - 0x00007ff8f4fd7000 	C:\WINDOWS\system32\mswsock.dll
0x00007ff8d9230000 - 0x00007ff8d9242000 	C:\Program Files\Java\jdk1.8.0_241\jre\bin\nio.dll
0x00007ff8e7c70000 - 0x00007ff8e7c86000 	C:\WINDOWS\system32\napinsp.dll
0x00007ff8e7c00000 - 0x00007ff8e7c1a000 	C:\WINDOWS\system32\pnrpnsp.dll
0x00007ff8f4cd0000 - 0x00007ff8f4d9b000 	C:\WINDOWS\SYSTEM32\DNSAPI.dll
0x00007ff8f8650000 - 0x00007ff8f8658000 	C:\WINDOWS\System32\NSI.dll
0x00007ff8f4c80000 - 0x00007ff8f4cba000 	C:\WINDOWS\SYSTEM32\IPHLPAPI.DLL
0x00007ff8e7bf0000 - 0x00007ff8e7bfe000 	C:\WINDOWS\System32\winrnr.dll
0x00007ff8f00b0000 - 0x00007ff8f00cc000 	C:\WINDOWS\system32\NLAapi.dll
0x00007ff8f03c0000 - 0x00007ff8f03d5000 	C:\WINDOWS\system32\wshbth.dll
0x00007ff8ee590000 - 0x00007ff8ee59a000 	C:\Windows\System32\rasadhlp.dll
0x00007ff8ee470000 - 0x00007ff8ee4e7000 	C:\WINDOWS\System32\fwpuclnt.dll
0x00007ff8f5830000 - 0x00007ff8f5856000 	C:\WINDOWS\System32\bcrypt.dll
0x00007ff8f4a80000 - 0x00007ff8f4ab3000 	C:\WINDOWS\system32\rsaenh.dll
0x00007ff8f5620000 - 0x00007ff8f5645000 	C:\WINDOWS\SYSTEM32\USERENV.dll
0x00007ff8f5140000 - 0x00007ff8f514c000 	C:\WINDOWS\SYSTEM32\CRYPTBASE.dll
0x00007ff8eeff0000 - 0x00007ff8ef006000 	C:\WINDOWS\SYSTEM32\dhcpcsvc6.DLL
0x00007ff8ee9a0000 - 0x00007ff8ee9bc000 	C:\WINDOWS\SYSTEM32\dhcpcsvc.DLL

VM Arguments:
java_command: C:\Users\bomar\AppData\Local\Temp\surefire1539865593041337873\surefirebooter5469088122640828716.jar C:\Users\bomar\AppData\Local\Temp\surefire1539865593041337873 2020-05-27T20-03-58_663-jvmRun1 surefire190121949135317856tmp surefire_0909286907785664789tmp
java_class_path (initial): C:\Users\bomar\AppData\Local\Temp\surefire1539865593041337873\surefirebooter5469088122640828716.jar
Launcher Type: SUN_STANDARD

Environment Variables:
JAVA_HOME=C:\Program Files\Java\jdk1.8.0_241
PATH=C:\Python27\;C:\Python27\Scripts;C:\Program Files (x86)\Common Files\Oracle\Java\javapath;C:\WINDOWS\system32;C:\WINDOWS;C:\WINDOWS\System32\Wbem;C:\WINDOWS\System32\WindowsPowerShell\v1.0\;C:\WINDOWS\System32\OpenSSH\;C:\Program Files (x86)\Intel\Intel(R) Management Engine Components\DAL;C:\Program Files\Intel\Intel(R) Management Engine Components\DAL;C:\ProgramData\chocolatey\bin;C:\Program Files\dotnet\;C:\Program Files\Microsoft SQL Server\130\Tools\Binn\;C:\Program Files\nodejs\;C:\Program Files\Java\jdk1.8.0_241\bin;C:\Program Files\Git\cmd;C:\java\gradle-6.3\bin;C:\Program Files\Java\jdk1.8.0_241\bin;C:\Users\bomar\AppData\Local\Microsoft\WindowsApps;C:\Program Files\MongoDB\Server\4.2\bin;C:\Users\bomar\AppData\Local\Programs\Microsoft VS Code\bin;C:\Users\bomar\AppData\Roaming\npm;C:\Users\bomar\AppData\Local\GitHubDesktop\bin;C:\Users\bomar\codenation;;C:\Program Files\Docker Toolbox;C:\Program Files\JetBrains\IntelliJ IDEA Community Edition 2020.1\bin;
USERNAME=bomar
OS=Windows_NT
PROCESSOR_IDENTIFIER=Intel64 Family 6 Model 142 Stepping 10, GenuineIntel



---------------  S Y S T E M  ---------------

OS: Windows 10.0 , 64 bit Build 18362 (10.0.18362.778)

CPU:total 8 (initial active 8) (4 cores per cpu, 2 threads per core) family 6 model 142 stepping 10, cmov, cx8, fxsr, mmx, sse, sse2, sse3, ssse3, sse4.1, sse4.2, popcnt, avx, avx2, aes, clmul, erms, 3dnowpref, lzcnt, ht, tsc, tscinvbit, bmi1, bmi2, adx

Memory: 4k page, physical 8250416k(807444k free), swap 12346416k(5120k free)

vm_info: Java HotSpot(TM) 64-Bit Server VM (25.241-b07) for windows-amd64 JRE (1.8.0_241-b07), built on Dec 11 2019 10:21:40 by "rejava" with MS VC++ 10.0 (VS2010)

time: Wed May 27 20:04:05 2020
timezone: Hora oficial do Brasil
elapsed time: 6 seconds (0d 0h 0m 6s)

