#
# There is insufficient memory for the Java Runtime Environment to continue.
# Native memory allocation (malloc) failed to allocate 32744 bytes for ChunkPool::allocate
# Possible reasons:
#   The system is out of physical RAM or swap space
#   The process is running with CompressedOops enabled, and the Java Heap may be blocking the growth of the native heap
# Possible solutions:
#   Reduce memory load on the system
#   Increase physical memory or swap space
#   Check if swap backing store is full
#   Decrease Java heap size (-Xmx/-Xms)
#   Decrease number of Java threads
#   Decrease Java thread stack sizes (-Xss)
#   Set larger code cache with -XX:ReservedCodeCacheSize=
#   JVM is running with Unscaled Compressed Oops mode in which the Java heap is
#     placed in the first 4GB address space. The Java Heap base address is the
#     maximum limit for the native heap growth. Please use -XX:HeapBaseMinAddress
#     to set the Java Heap base and to place the Java Heap above 4GB virtual address.
# This output file may be truncated or incomplete.
#
#  Out of Memory Error (allocation.cpp:272), pid=14808, tid=0x0000000000001c8c
#
# JRE version: Java(TM) SE Runtime Environment (8.0_241-b07) (build 1.8.0_241-b07)
# Java VM: Java HotSpot(TM) 64-Bit Server VM (25.241-b07 mixed mode windows-amd64 compressed oops)
# Failed to write core dump. Minidumps are not enabled by default on client versions of Windows
#

---------------  T H R E A D  ---------------

Current thread (0x0000000019adc800):  JavaThread "C1 CompilerThread3" daemon [_thread_in_native, id=7308, stack(0x000000001a6b0000,0x000000001a7b0000)]

Stack: [0x000000001a6b0000,0x000000001a7b0000]
[error occurred during error reporting (printing stack bounds), id 0xc0000005]

Native frames: (J=compiled Java code, j=interpreted, Vv=VM code, C=native code)


Current CompileTask:
C1:  12589 3768  s    3       org.fusesource.jansi.AnsiPrintStream::filter (948 bytes)


---------------  P R O C E S S  ---------------

Java Threads: ( => current thread )
  0x000000001f19a800 JavaThread "Thread-5" [_thread_in_native, id=1244, stack(0x0000000020a90000,0x0000000020b90000)]
  0x000000001f19a000 JavaThread "Thread-4" [_thread_in_native, id=15664, stack(0x0000000020990000,0x0000000020a90000)]
  0x000000001f199000 JavaThread "Thread-3" [_thread_blocked, id=640, stack(0x0000000020890000,0x0000000020990000)]
  0x000000001bc37000 JavaThread "ThreadedStreamConsumer" daemon [_thread_blocked, id=9684, stack(0x0000000020690000,0x0000000020790000)]
  0x000000001b84a000 JavaThread "ping-timer-10s" daemon [_thread_blocked, id=15072, stack(0x0000000020590000,0x0000000020690000)]
  0x000000001e971000 JavaThread "timeout-check-timer" daemon [_thread_blocked, id=12692, stack(0x0000000020490000,0x0000000020590000)]
  0x000000001bfc7800 JavaThread "resolver-5" daemon [_thread_blocked, id=16248, stack(0x000000001efc0000,0x000000001f0c0000)]
  0x000000001b9b4800 JavaThread "resolver-4" daemon [_thread_blocked, id=7604, stack(0x000000001eec0000,0x000000001efc0000)]
  0x000000001ac0f800 JavaThread "resolver-3" daemon [_thread_blocked, id=13196, stack(0x000000001edc0000,0x000000001eec0000)]
  0x000000001d01f800 JavaThread "resolver-2" daemon [_thread_blocked, id=6788, stack(0x000000001ecc0000,0x000000001edc0000)]
  0x000000001f3be000 JavaThread "resolver-1" daemon [_thread_blocked, id=6744, stack(0x000000001ebc0000,0x000000001ecc0000)]
  0x0000000019b68800 JavaThread "Service Thread" daemon [_thread_blocked, id=11768, stack(0x000000001a7b0000,0x000000001a8b0000)]
=>0x0000000019adc800 JavaThread "C1 CompilerThread3" daemon [_thread_in_native, id=7308, stack(0x000000001a6b0000,0x000000001a7b0000)]
  0x0000000019ad8800 JavaThread "C2 CompilerThread2" daemon [_thread_blocked, id=10196, stack(0x000000001a5b0000,0x000000001a6b0000)]
  0x0000000019ad5800 JavaThread "C2 CompilerThread1" daemon [_thread_blocked, id=8100, stack(0x000000001a4b0000,0x000000001a5b0000)]
  0x0000000019ad2000 JavaThread "C2 CompilerThread0" daemon [_thread_blocked, id=11556, stack(0x000000001a3b0000,0x000000001a4b0000)]
  0x0000000019acf000 JavaThread "Attach Listener" daemon [_thread_blocked, id=14664, stack(0x000000001a2b0000,0x000000001a3b0000)]
  0x0000000019ace000 JavaThread "Signal Dispatcher" daemon [_thread_blocked, id=14524, stack(0x000000001a1b0000,0x000000001a2b0000)]
  0x0000000002d77800 JavaThread "Finalizer" daemon [_thread_blocked, id=12196, stack(0x0000000019fa0000,0x000000001a0a0000)]
  0x0000000019ac0800 JavaThread "Reference Handler" daemon [_thread_blocked, id=536, stack(0x0000000019ea0000,0x0000000019fa0000)]
  0x0000000002c82800 JavaThread "main" [_thread_in_native, id=15272, stack(0x0000000002b80000,0x0000000002c80000)]

Other Threads:
  0x0000000017cba000 VMThread [stack: 0x00000000199a0000,0x0000000019aa0000] [id=6428]
  0x0000000019b86800 WatcherThread [stack: 0x000000001a8b0000,0x000000001a9b0000] [id=10256]

VM state:not at safepoint (normal execution)

VM Mutex/Monitor currently owned by a thread: None

heap address: 0x0000000082000000, size: 2016 MB, Compressed Oops mode: 32-bit
Narrow klass base: 0x0000000000000000, Narrow klass shift: 3
Compressed class space size: 1073741824 Address: 0x0000000100000000

Heap:
 PSYoungGen      total 143360K, used 104378K [0x00000000d6000000, 0x00000000dfa00000, 0x0000000100000000)
  eden space 130560K, 71% used [0x00000000d6000000,0x00000000dbb9cb58,0x00000000ddf80000)
  from space 12800K, 82% used [0x00000000dec80000,0x00000000df6d1cc0,0x00000000df900000)
  to   space 13312K, 0% used [0x00000000ddf80000,0x00000000ddf80000,0x00000000dec80000)
 ParOldGen       total 86016K, used 15312K [0x0000000082000000, 0x0000000087400000, 0x00000000d6000000)
  object space 86016K, 17% used [0x0000000082000000,0x0000000082ef41f0,0x0000000087400000)
 Metaspace       used 19671K, capacity 20240K, committed 20480K, reserved 1067008K
  class space    used 2244K, capacity 2433K, committed 2560K, reserved 1048576K

Card table byte_map: [0x0000000012140000,0x0000000012540000] byte_map_base: 0x0000000011d30000

Marking Bits: (ParMarkBitMap*) 0x00000000521ebe30
 Begin Bits: [0x0000000012fe0000, 0x0000000014f60000)
 End Bits:   [0x0000000014f60000, 0x0000000016ee0000)

Polling page: 0x00000000009f0000

CodeCache: size=245760Kb used=10913Kb max_used=12451Kb free=234847Kb
 bounds [0x0000000002d80000, 0x00000000039c0000, 0x0000000011d80000]
 total_blobs=3602 nmethods=3194 adapters=320
 compilation: enabled

Compilation events (10 events):
Event: 12.577 Thread 0x0000000019adc800 3764       3       java.util.regex.Matcher::find (35 bytes)
Event: 12.577 Thread 0x0000000019adc800 nmethod 3764 0x0000000003279f50 code [0x000000000327a100, 0x000000000327a698]
Event: 12.577 Thread 0x0000000019adc800 3766       3       java.util.Formatter$FixedString::<init> (15 bytes)
Event: 12.577 Thread 0x0000000019adc800 nmethod 3766 0x000000000347d910 code [0x000000000347da60, 0x000000000347dc30]
Event: 12.577 Thread 0x0000000019adc800 3767       3       java.util.Formatter$FixedString::print (18 bytes)
Event: 12.578 Thread 0x0000000019adc800 nmethod 3767 0x00000000034ebad0 code [0x00000000034ebc40, 0x00000000034ebe88]
Event: 12.578 Thread 0x0000000019adc800 3765       3       java.util.Formatter$FormatSpecifier::<init> (246 bytes)
Event: 12.580 Thread 0x0000000019adc800 nmethod 3765 0x0000000003151e50 code [0x0000000003152180, 0x0000000003153458]
Event: 12.580 Thread 0x0000000019adc800 3768  s    3       org.fusesource.jansi.AnsiPrintStream::filter (948 bytes)
Event: 12.583 Thread 0x0000000019ad5800 3771       4       sun.nio.cs.UTF_8::access$200 (8 bytes)

GC Heap History (10 events):
Event: 1.667 GC heap before
{Heap before GC invocations=2 (full 0):
 PSYoungGen      total 37888K, used 37867K [0x00000000d6000000, 0x00000000d8a00000, 0x0000000100000000)
  eden space 32768K, 100% used [0x00000000d6000000,0x00000000d8000000,0x00000000d8000000)
  from space 5120K, 99% used [0x00000000d8000000,0x00000000d84face8,0x00000000d8500000)
  to   space 5120K, 0% used [0x00000000d8500000,0x00000000d8500000,0x00000000d8a00000)
 ParOldGen       total 86016K, used 314K [0x0000000082000000, 0x0000000087400000, 0x00000000d6000000)
  object space 86016K, 0% used [0x0000000082000000,0x000000008204eae0,0x0000000087400000)
 Metaspace       used 12055K, capacity 12370K, committed 12672K, reserved 1060864K
  class space    used 1471K, capacity 1615K, committed 1664K, reserved 1048576K
Event: 1.673 GC heap after
Heap after GC invocations=2 (full 0):
 PSYoungGen      total 37888K, used 5096K [0x00000000d6000000, 0x00000000d8a00000, 0x0000000100000000)
  eden space 32768K, 0% used [0x00000000d6000000,0x00000000d6000000,0x00000000d8000000)
  from space 5120K, 99% used [0x00000000d8500000,0x00000000d89fa0a8,0x00000000d8a00000)
  to   space 5120K, 0% used [0x00000000d8000000,0x00000000d8000000,0x00000000d8500000)
 ParOldGen       total 86016K, used 1748K [0x0000000082000000, 0x0000000087400000, 0x00000000d6000000)
  object space 86016K, 2% used [0x0000000082000000,0x00000000821b5238,0x0000000087400000)
 Metaspace       used 12055K, capacity 12370K, committed 12672K, reserved 1060864K
  class space    used 1471K, capacity 1615K, committed 1664K, reserved 1048576K
}
Event: 2.238 GC heap before
{Heap before GC invocations=3 (full 0):
 PSYoungGen      total 37888K, used 37864K [0x00000000d6000000, 0x00000000d8a00000, 0x0000000100000000)
  eden space 32768K, 100% used [0x00000000d6000000,0x00000000d8000000,0x00000000d8000000)
  from space 5120K, 99% used [0x00000000d8500000,0x00000000d89fa0a8,0x00000000d8a00000)
  to   space 5120K, 0% used [0x00000000d8000000,0x00000000d8000000,0x00000000d8500000)
 ParOldGen       total 86016K, used 1748K [0x0000000082000000, 0x0000000087400000, 0x00000000d6000000)
  object space 86016K, 2% used [0x0000000082000000,0x00000000821b5238,0x0000000087400000)
 Metaspace       used 15191K, capacity 15580K, committed 15872K, reserved 1062912K
  class space    used 1861K, capacity 1984K, committed 2048K, reserved 1048576K
Event: 2.247 GC heap after
Heap after GC invocations=3 (full 0):
 PSYoungGen      total 37888K, used 5088K [0x00000000d6000000, 0x00000000daa00000, 0x0000000100000000)
  eden space 32768K, 0% used [0x00000000d6000000,0x00000000d6000000,0x00000000d8000000)
  from space 5120K, 99% used [0x00000000d8000000,0x00000000d84f8020,0x00000000d8500000)
  to   space 5120K, 0% used [0x00000000da500000,0x00000000da500000,0x00000000daa00000)
 ParOldGen       total 86016K, used 4853K [0x0000000082000000, 0x0000000087400000, 0x00000000d6000000)
  object space 86016K, 5% used [0x0000000082000000,0x00000000824bd4a0,0x0000000087400000)
 Metaspace       used 15191K, capacity 15580K, committed 15872K, reserved 1062912K
  class space    used 1861K, capacity 1984K, committed 2048K, reserved 1048576K
}
Event: 2.553 GC heap before
{Heap before GC invocations=4 (full 0):
 PSYoungGen      total 37888K, used 37856K [0x00000000d6000000, 0x00000000daa00000, 0x0000000100000000)
  eden space 32768K, 100% used [0x00000000d6000000,0x00000000d8000000,0x00000000d8000000)
  from space 5120K, 99% used [0x00000000d8000000,0x00000000d84f8020,0x00000000d8500000)
  to   space 5120K, 0% used [0x00000000da500000,0x00000000da500000,0x00000000daa00000)
 ParOldGen       total 86016K, used 4853K [0x0000000082000000, 0x0000000087400000, 0x00000000d6000000)
  object space 86016K, 5% used [0x0000000082000000,0x00000000824bd4a0,0x0000000087400000)
 Metaspace       used 15656K, capacity 16002K, committed 16128K, reserved 1062912K
  class space    used 1888K, capacity 2017K, committed 2048K, reserved 1048576K
Event: 2.566 GC heap after
Heap after GC invocations=4 (full 0):
 PSYoungGen      total 70656K, used 5097K [0x00000000d6000000, 0x00000000daa00000, 0x0000000100000000)
  eden space 65536K, 0% used [0x00000000d6000000,0x00000000d6000000,0x00000000da000000)
  from space 5120K, 99% used [0x00000000da500000,0x00000000da9fa5b0,0x00000000daa00000)
  to   space 5120K, 0% used [0x00000000da000000,0x00000000da000000,0x00000000da500000)
 ParOldGen       total 86016K, used 9250K [0x0000000082000000, 0x0000000087400000, 0x00000000d6000000)
  object space 86016K, 10% used [0x0000000082000000,0x0000000082908bd8,0x0000000087400000)
 Metaspace       used 15656K, capacity 16002K, committed 16128K, reserved 1062912K
  class space    used 1888K, capacity 2017K, committed 2048K, reserved 1048576K
}
Event: 3.083 GC heap before
{Heap before GC invocations=5 (full 0):
 PSYoungGen      total 70656K, used 70633K [0x00000000d6000000, 0x00000000daa00000, 0x0000000100000000)
  eden space 65536K, 100% used [0x00000000d6000000,0x00000000da000000,0x00000000da000000)
  from space 5120K, 99% used [0x00000000da500000,0x00000000da9fa5b0,0x00000000daa00000)
  to   space 5120K, 0% used [0x00000000da000000,0x00000000da000000,0x00000000da500000)
 ParOldGen       total 86016K, used 9250K [0x0000000082000000, 0x0000000087400000, 0x00000000d6000000)
  object space 86016K, 10% used [0x0000000082000000,0x0000000082908bd8,0x0000000087400000)
 Metaspace       used 15965K, capacity 16318K, committed 16384K, reserved 1062912K
  class space    used 1908K, capacity 2027K, committed 2048K, reserved 1048576K
Event: 3.096 GC heap after
Heap after GC invocations=5 (full 0):
 PSYoungGen      total 70656K, used 5104K [0x00000000d6000000, 0x00000000df900000, 0x0000000100000000)
  eden space 65536K, 0% used [0x00000000d6000000,0x00000000d6000000,0x00000000da000000)
  from space 5120K, 99% used [0x00000000da000000,0x00000000da4fc010,0x00000000da500000)
  to   space 12800K, 0% used [0x00000000dec80000,0x00000000dec80000,0x00000000df900000)
 ParOldGen       total 86016K, used 15304K [0x0000000082000000, 0x0000000087400000, 0x00000000d6000000)
  object space 86016K, 17% used [0x0000000082000000,0x0000000082ef21f0,0x0000000087400000)
 Metaspace       used 15965K, capacity 16318K, committed 16384K, reserved 1062912K
  class space    used 1908K, capacity 2027K, committed 2048K, reserved 1048576K
}
Event: 3.810 GC heap before
{Heap before GC invocations=6 (full 0):
 PSYoungGen      total 70656K, used 70640K [0x00000000d6000000, 0x00000000df900000, 0x0000000100000000)
  eden space 65536K, 100% used [0x00000000d6000000,0x00000000da000000,0x00000000da000000)
  from space 5120K, 99% used [0x00000000da000000,0x00000000da4fc010,0x00000000da500000)
  to   space 12800K, 0% used [0x00000000dec80000,0x00000000dec80000,0x00000000df900000)
 ParOldGen       total 86016K, used 15304K [0x0000000082000000, 0x0000000087400000, 0x00000000d6000000)
  object space 86016K, 17% used [0x0000000082000000,0x0000000082ef21f0,0x0000000087400000)
 Metaspace       used 17237K, capacity 17756K, committed 17792K, reserved 1064960K
  class space    used 2019K, capacity 2164K, committed 2176K, reserved 1048576K
Event: 3.822 GC heap after
Heap after GC invocations=6 (full 0):
 PSYoungGen      total 143360K, used 10567K [0x00000000d6000000, 0x00000000dfa00000, 0x0000000100000000)
  eden space 130560K, 0% used [0x00000000d6000000,0x00000000d6000000,0x00000000ddf80000)
  from space 12800K, 82% used [0x00000000dec80000,0x00000000df6d1cc0,0x00000000df900000)
  to   space 13312K, 0% used [0x00000000ddf80000,0x00000000ddf80000,0x00000000dec80000)
 ParOldGen       total 86016K, used 15312K [0x0000000082000000, 0x0000000087400000, 0x00000000d6000000)
  object space 86016K, 17% used [0x0000000082000000,0x0000000082ef41f0,0x0000000087400000)
 Metaspace       used 17237K, capacity 17756K, committed 17792K, reserved 1064960K
  class space    used 2019K, capacity 2164K, committed 2176K, reserved 1048576K
}

Deoptimization events (10 events):
Event: 4.751 Thread 0x0000000002c82800 Uncommon trap: reason=class_check action=maybe_recompile pc=0x000000000365ac70 method=java.util.Collections$UnmodifiableMap$UnmodifiableEntrySet$1.next()Ljava/util/Map$Entry; @ 8
Event: 4.751 Thread 0x0000000002c82800 Uncommon trap: reason=class_check action=maybe_recompile pc=0x0000000003661900 method=java.util.Collections$UnmodifiableMap$UnmodifiableEntrySet$UnmodifiableEntry.getKey()Ljava/lang/Object; @ 4
Event: 4.751 Thread 0x0000000002c82800 Uncommon trap: reason=class_check action=maybe_recompile pc=0x0000000003666440 method=java.util.Collections$UnmodifiableMap$UnmodifiableEntrySet$UnmodifiableEntry.getValue()Ljava/lang/Object; @ 4
Event: 4.751 Thread 0x0000000002c82800 Uncommon trap: reason=class_check action=maybe_recompile pc=0x000000000361d04c method=java.util.Collections$UnmodifiableMap$UnmodifiableEntrySet$1.hasNext()Z @ 4
Event: 4.751 Thread 0x0000000002c82800 Uncommon trap: reason=class_check action=maybe_recompile pc=0x000000000365ac70 method=java.util.Collections$UnmodifiableMap$UnmodifiableEntrySet$1.next()Ljava/util/Map$Entry; @ 8
Event: 4.751 Thread 0x0000000002c82800 Uncommon trap: reason=class_check action=maybe_recompile pc=0x0000000003661900 method=java.util.Collections$UnmodifiableMap$UnmodifiableEntrySet$UnmodifiableEntry.getKey()Ljava/lang/Object; @ 4
Event: 4.751 Thread 0x0000000002c82800 Uncommon trap: reason=class_check action=maybe_recompile pc=0x0000000003666440 method=java.util.Collections$UnmodifiableMap$UnmodifiableEntrySet$UnmodifiableEntry.getValue()Ljava/lang/Object; @ 4
Event: 5.660 Thread 0x000000001bc37000 Uncommon trap: reason=unstable_if action=reinterpret pc=0x00000000038036c8 method=java.nio.charset.CharsetDecoder.decode(Ljava/nio/ByteBuffer;Ljava/nio/CharBuffer;Z)Ljava/nio/charset/CoderResult; @ 1
Event: 6.025 Thread 0x000000001f19a000 Uncommon trap: reason=unstable_if action=reinterpret pc=0x000000000335df5c method=java.io.BufferedReader.readLine(Z)Ljava/lang/String; @ 192
Event: 12.579 Thread 0x000000001bc37000 Uncommon trap: reason=unstable_if action=reinterpret pc=0x00000000030af2a4 method=org.fusesource.jansi.AnsiPrintStream.filter(I)Z @ 63

Classes redefined (0 events):
No events

Internal exceptions (10 events):
Event: 2.043 Thread 0x0000000002c82800 Implicit null exception at 0x0000000002f88216 to 0x0000000002f885a9
Event: 2.569 Thread 0x0000000002c82800 Implicit null exception at 0x0000000003123a55 to 0x0000000003123c25
Event: 2.569 Thread 0x0000000002c82800 Implicit null exception at 0x00000000031cb42f to 0x00000000031cb499
Event: 2.642 Thread 0x0000000002c82800 Implicit null exception at 0x00000000034488cf to 0x0000000003448dd1
Event: 2.649 Thread 0x0000000002c82800 Implicit null exception at 0x00000000034edb29 to 0x00000000034eee3d
Event: 3.417 Thread 0x0000000002c82800 Implicit null exception at 0x00000000037399ef to 0x000000000373c6e9
Event: 3.711 Thread 0x0000000002c82800 Implicit null exception at 0x000000000366bd3d to 0x000000000366c181
Event: 3.713 Thread 0x0000000002c82800 Implicit null exception at 0x000000000377fdcd to 0x00000000037800f6
Event: 4.078 Thread 0x0000000002c82800 Implicit null exception at 0x00000000033c0415 to 0x00000000033c16d1
Event: 4.407 Thread 0x0000000002c82800 Exception <a 'java/lang/NoSuchMethodError': org.apache.maven.execution.MavenExecutionRequest.getFailureBehavior()Ljava/lang/String;> (0x00000000d8f9db20) thrown at [C:\ade\jenkins\workspace\8-2-build-windows-amd64-cygwin\jdk8u241\331\hotspot\src\share\vm\

Events (10 events):
Event: 12.576 loading class org/apache/maven/plugin/surefire/booterclient/output/InPluginProcessDumpSingleton done
Event: 12.576 loading class org/apache/maven/plugin/surefire/booterclient/output/InPluginProcessDumpSingleton
Event: 12.576 loading class org/apache/maven/plugin/surefire/booterclient/output/InPluginProcessDumpSingleton done
Event: 12.578 loading class java/lang/Throwable$WrappedPrintWriter
Event: 12.578 loading class java/lang/Throwable$PrintStreamOrWriter
Event: 12.578 loading class java/lang/Throwable$PrintStreamOrWriter done
Event: 12.578 loading class java/lang/Throwable$WrappedPrintWriter done
Event: 12.579 Thread 0x000000001bc37000 Uncommon trap: trap_request=0xffffff65 fr.pc=0x00000000030af2a4
Event: 12.579 Thread 0x000000001bc37000 DEOPT PACKING pc=0x00000000030af2a4 sp=0x000000002078e9e0
Event: 12.579 Thread 0x000000001bc37000 DEOPT UNPACKING pc=0x0000000002dc583b sp=0x000000002078e9a0 mode 2


Dynamic libraries:
0x00007ff7c0750000 - 0x00007ff7c0787000 	C:\Program Files\Java\jdk1.8.0_241\bin\java.exe
0x00007ff8f8840000 - 0x00007ff8f8a30000 	C:\WINDOWS\SYSTEM32\ntdll.dll
0x00007ff8f6d70000 - 0x00007ff8f6e22000 	C:\WINDOWS\System32\KERNEL32.DLL
0x00007ff8f63f0000 - 0x00007ff8f6694000 	C:\WINDOWS\System32\KERNELBASE.dll
0x00007ff8f8530000 - 0x00007ff8f85d3000 	C:\WINDOWS\System32\ADVAPI32.dll
0x00007ff8f8490000 - 0x00007ff8f852e000 	C:\WINDOWS\System32\msvcrt.dll
0x00007ff8f82b0000 - 0x00007ff8f8347000 	C:\WINDOWS\System32\sechost.dll
0x00007ff8f6bf0000 - 0x00007ff8f6d10000 	C:\WINDOWS\System32\RPCRT4.dll
0x00007ff8f8660000 - 0x00007ff8f87f4000 	C:\WINDOWS\System32\USER32.dll
0x00007ff8f5a00000 - 0x00007ff8f5a21000 	C:\WINDOWS\System32\win32u.dll
0x00007ff8f7d00000 - 0x00007ff8f7d26000 	C:\WINDOWS\System32\GDI32.dll
0x00007ff8f5860000 - 0x00007ff8f59f4000 	C:\WINDOWS\System32\gdi32full.dll
0x00007ff8f5a50000 - 0x00007ff8f5aee000 	C:\WINDOWS\System32\msvcp_win.dll
0x00007ff8f66a0000 - 0x00007ff8f679a000 	C:\WINDOWS\System32\ucrtbase.dll
0x00007ff8eb1f0000 - 0x00007ff8eb474000 	C:\WINDOWS\WinSxS\amd64_microsoft.windows.common-controls_6595b64144ccf1df_6.0.18362.836_none_e6c4b943130f18ed\COMCTL32.dll
0x00007ff8f7f70000 - 0x00007ff8f82a6000 	C:\WINDOWS\System32\combase.dll
0x00007ff8f5bf0000 - 0x00007ff8f5c70000 	C:\WINDOWS\System32\bcryptPrimitives.dll
0x00007ff8f6a90000 - 0x00007ff8f6abe000 	C:\WINDOWS\System32\IMM32.DLL
0x0000000052270000 - 0x0000000052342000 	C:\Program Files\Java\jdk1.8.0_241\jre\bin\msvcr100.dll
0x00000000519c0000 - 0x000000005226c000 	C:\Program Files\Java\jdk1.8.0_241\jre\bin\server\jvm.dll
0x00007ff8f7d30000 - 0x00007ff8f7d38000 	C:\WINDOWS\System32\PSAPI.DLL
0x00007ff8e8ed0000 - 0x00007ff8e8ed9000 	C:\WINDOWS\SYSTEM32\WSOCK32.dll
0x00007ff8eaf30000 - 0x00007ff8eaf54000 	C:\WINDOWS\SYSTEM32\WINMM.dll
0x00007ff8f0950000 - 0x00007ff8f095a000 	C:\WINDOWS\SYSTEM32\VERSION.dll
0x00007ff8f7d40000 - 0x00007ff8f7daf000 	C:\WINDOWS\System32\WS2_32.dll
0x00007ff8eaed0000 - 0x00007ff8eaefd000 	C:\WINDOWS\SYSTEM32\winmmbase.dll
0x00007ff8f5af0000 - 0x00007ff8f5b3a000 	C:\WINDOWS\System32\cfgmgr32.dll
0x00007ff8e9020000 - 0x00007ff8e902f000 	C:\Program Files\Java\jdk1.8.0_241\jre\bin\verify.dll
0x00007ff8e1090000 - 0x00007ff8e10b9000 	C:\Program Files\Java\jdk1.8.0_241\jre\bin\java.dll
0x00007ff8e1070000 - 0x00007ff8e1086000 	C:\Program Files\Java\jdk1.8.0_241\jre\bin\zip.dll
0x00007ff8f7350000 - 0x00007ff8f7a34000 	C:\WINDOWS\System32\SHELL32.dll
0x00007ff8f6b40000 - 0x00007ff8f6be9000 	C:\WINDOWS\System32\shcore.dll
0x00007ff8f5c70000 - 0x00007ff8f63ee000 	C:\WINDOWS\System32\windows.storage.dll
0x00007ff8f57a0000 - 0x00007ff8f57c3000 	C:\WINDOWS\System32\profapi.dll
0x00007ff8f5750000 - 0x00007ff8f579a000 	C:\WINDOWS\System32\powrprof.dll
0x00007ff8f5700000 - 0x00007ff8f5710000 	C:\WINDOWS\System32\UMPDC.dll
0x00007ff8f7db0000 - 0x00007ff8f7e02000 	C:\WINDOWS\System32\shlwapi.dll
0x00007ff8f5710000 - 0x00007ff8f5721000 	C:\WINDOWS\System32\kernel.appcore.dll
0x00007ff8f5a30000 - 0x00007ff8f5a47000 	C:\WINDOWS\System32\cryptsp.dll
0x00007ff8f4a80000 - 0x00007ff8f4ab3000 	C:\WINDOWS\system32\rsaenh.dll
0x00007ff8f5830000 - 0x00007ff8f5856000 	C:\WINDOWS\System32\bcrypt.dll
0x00007ff8f5620000 - 0x00007ff8f5645000 	C:\WINDOWS\SYSTEM32\USERENV.dll
0x00007ff8f5140000 - 0x00007ff8f514c000 	C:\WINDOWS\SYSTEM32\CRYPTBASE.dll
0x00007ff8de050000 - 0x00007ff8de06a000 	C:\Program Files\Java\jdk1.8.0_241\jre\bin\net.dll
0x00007ff8f4f70000 - 0x00007ff8f4fd7000 	C:\WINDOWS\system32\mswsock.dll
0x00007ff8f4c80000 - 0x00007ff8f4cba000 	C:\WINDOWS\SYSTEM32\IPHLPAPI.DLL
0x00007ff8f8650000 - 0x00007ff8f8658000 	C:\WINDOWS\System32\NSI.dll
0x00007ff8eeff0000 - 0x00007ff8ef006000 	C:\WINDOWS\SYSTEM32\dhcpcsvc6.DLL
0x00007ff8ee9a0000 - 0x00007ff8ee9bc000 	C:\WINDOWS\SYSTEM32\dhcpcsvc.DLL
0x00007ff8f4cd0000 - 0x00007ff8f4d9b000 	C:\WINDOWS\SYSTEM32\DNSAPI.dll
0x00007ff8d9230000 - 0x00007ff8d9242000 	C:\Program Files\Java\jdk1.8.0_241\jre\bin\nio.dll
0x00007ff8e9010000 - 0x00007ff8e901a000 	C:\Users\bomar\AppData\Local\Temp\jansi-1.17.1-5238424908023818217.dll
0x00007ff8e8ff0000 - 0x00007ff8e8ffa000 	C:\Users\bomar\AppData\Local\Temp\jansi-1.17.1-1189306793278453610.dll
0x00007ff8e7930000 - 0x00007ff8e793d000 	C:\Program Files\Java\jdk1.8.0_241\jre\bin\management.dll
0x00007ff8e7c70000 - 0x00007ff8e7c86000 	C:\WINDOWS\system32\napinsp.dll
0x00007ff8e7c00000 - 0x00007ff8e7c1a000 	C:\WINDOWS\system32\pnrpnsp.dll
0x00007ff8e7bf0000 - 0x00007ff8e7bfe000 	C:\WINDOWS\System32\winrnr.dll
0x00007ff8f00b0000 - 0x00007ff8f00cc000 	C:\WINDOWS\system32\NLAapi.dll
0x00007ff8f03c0000 - 0x00007ff8f03d5000 	C:\WINDOWS\system32\wshbth.dll
0x00007ff8ee590000 - 0x00007ff8ee59a000 	C:\Windows\System32\rasadhlp.dll
0x00007ff8ee470000 - 0x00007ff8ee4e7000 	C:\WINDOWS\System32\fwpuclnt.dll

VM Arguments:
jvm_args: -Dmaven.multiModuleProjectDirectory=C:\Users\bomar\codenation\java-11 
java_command: org.apache.maven.wrapper.MavenWrapperMain test
java_class_path (initial): C:\Users\bomar\codenation\java-11\.mvn\wrapper\maven-wrapper.jar
Launcher Type: SUN_STANDARD

Environment Variables:
JAVA_HOME=C:\Program Files\Java\jdk1.8.0_241
PATH=C:\Python27\;C:\Python27\Scripts;C:\Program Files (x86)\Common Files\Oracle\Java\javapath;C:\WINDOWS\system32;C:\WINDOWS;C:\WINDOWS\System32\Wbem;C:\WINDOWS\System32\WindowsPowerShell\v1.0\;C:\WINDOWS\System32\OpenSSH\;C:\Program Files (x86)\Intel\Intel(R) Management Engine Components\DAL;C:\Program Files\Intel\Intel(R) Management Engine Components\DAL;C:\ProgramData\chocolatey\bin;C:\Program Files\dotnet\;C:\Program Files\Microsoft SQL Server\130\Tools\Binn\;C:\Program Files\nodejs\;C:\Program Files\Java\jdk1.8.0_241\bin;C:\Program Files\Git\cmd;C:\java\gradle-6.3\bin;C:\Program Files\Java\jdk1.8.0_241\bin;C:\Users\bomar\AppData\Local\Microsoft\WindowsApps;C:\Program Files\MongoDB\Server\4.2\bin;C:\Users\bomar\AppData\Local\Programs\Microsoft VS Code\bin;C:\Users\bomar\AppData\Roaming\npm;C:\Users\bomar\AppData\Local\GitHubDesktop\bin;C:\Users\bomar\codenation;;C:\Program Files\Docker Toolbox;C:\Program Files\JetBrains\IntelliJ IDEA Community Edition 2020.1\bin;
USERNAME=bomar
OS=Windows_NT
PROCESSOR_IDENTIFIER=Intel64 Family 6 Model 142 Stepping 10, GenuineIntel



---------------  S Y S T E M  ---------------

OS: Windows 10.0 , 64 bit Build 18362 (10.0.18362.778)

CPU:total 8 (initial active 8) (4 cores per cpu, 2 threads per core) family 6 model 142 stepping 10, cmov, cx8, fxsr, mmx, sse, sse2, sse3, ssse3, sse4.1, sse4.2, popcnt, avx, avx2, aes, clmul, erms, 3dnowpref, lzcnt, ht, tsc, tscinvbit, bmi1, bmi2, adx

Memory: 4k page, physical 8250416k(621136k free), swap 12346416k(1088k free)

vm_info: Java HotSpot(TM) 64-Bit Server VM (25.241-b07) for windows-amd64 JRE (1.8.0_241-b07), built on Dec 11 2019 10:21:40 by "rejava" with MS VC++ 10.0 (VS2010)

time: Wed May 27 20:01:32 2020
timezone: Hora oficial do Brasil
elapsed time: 12 seconds (0d 0h 0m 12s)

